2023-08-15T20:39:12.100Z   +735ms [debug] Config loaded {"version":"2.24.1","cdkVersion":"2.91.0","constructsVersion":"10.2.69","config":{"name":"cognitionai","region":"us-east-1","stage":"production","ssmPrefix":"/sst/cognitionai/production/"},"metafile":{"inputs":{"sst.config.ts":{"bytes":215,"imports":[{"path":"sst","kind":"import-statement","external":true},{"path":"sst/constructs","kind":"import-statement","external":true}],"format":"esm"}},"outputs":{".sst.config.1692131952000.mjs":{"imports":[],"exports":["default"],"entryPoint":"sst.config.ts","inputs":{"sst.config.ts":{"bytesInOutput":126}},"bytes":308}}},"paths":{"config":"/Users/ayaanzaveri/Code/cognition/sst.config.ts","root":"/Users/ayaanzaveri/Code/cognition","out":"/Users/ayaanzaveri/Code/cognition/.sst","artifacts":"/Users/ayaanzaveri/Code/cognition/.sst/artifacts"}}
2023-08-15T20:39:14.157Z  +2057ms [debug] Using AWS profile 
2023-08-15T20:39:14.184Z    +27ms [debug] Created AWS client STSClient
2023-08-15T20:39:14.185Z     +1ms [debug] Fetching app metadata
2023-08-15T20:39:14.185Z     +0ms [debug] Initializing bootstrap context
2023-08-15T20:39:14.186Z     +1ms [debug] Created AWS client CloudFormationClient
2023-08-15T20:39:14.368Z   +182ms [debug] Using identity Account: 695897674742 User: AIDA2EBV32P3I2R55LLA2
2023-08-15T20:39:14.412Z    +44ms [debug] Loaded bootstrap status
2023-08-15T20:39:20.327Z  +5915ms [debug]  ⏳  Bootstrapping environment aws://695897674742/us-east-1...

2023-08-15T20:39:20.804Z   +477ms [debug] Trusted accounts for deployment: (none)
Trusted accounts for lookup: (none)

2023-08-15T20:39:20.805Z     +1ms [debug] Using default execution policy of 'arn:aws:iam::aws:policy/AdministratorAccess'. Pass '--cloudformation-execution-policies' to customize.

2023-08-15T20:39:21.030Z   +225ms [debug] CDKToolkit: creating CloudFormation changeset...

2023-08-15T20:39:32.999Z +11969ms [debug] CDKToolkit |  0/12 | 4:39:21 PM | REVIEW_IN_PROGRESS   | AWS::CloudFormation::Stack | CDKToolkit User Initiated

2023-08-15T20:39:33.001Z     +2ms [debug] CDKToolkit |  0/12 | 4:39:27 PM | CREATE_IN_PROGRESS   | AWS::CloudFormation::Stack | CDKToolkit User Initiated
CDKToolkit |  0/12 | 4:39:31 PM | CREATE_IN_PROGRESS   | AWS::IAM::Role          | LookupRole 
CDKToolkit |  0/12 | 4:39:31 PM | CREATE_IN_PROGRESS   | AWS::IAM::Role          | ImagePublishingRole 
CDKToolkit |  0/12 | 4:39:31 PM | CREATE_IN_PROGRESS   | AWS::SSM::Parameter     | CdkBootstrapVersion 
CDKToolkit |  0/12 | 4:39:32 PM | CREATE_IN_PROGRESS   | AWS::S3::Bucket         | StagingBucket 
CDKToolkit |  0/12 | 4:39:32 PM | CREATE_IN_PROGRESS   | AWS::IAM::Role          | CloudFormationExecutionRole 
CDKToolkit |  0/12 | 4:39:32 PM | CREATE_IN_PROGRESS   | AWS::IAM::Role          | FilePublishingRole 
CDKToolkit |  0/12 | 4:39:32 PM | CREATE_IN_PROGRESS   | AWS::ECR::Repository    | ContainerAssetsRepository 
CDKToolkit |  0/12 | 4:39:32 PM | CREATE_IN_PROGRESS   | AWS::IAM::Role          | LookupRole Resource creation Initiated
CDKToolkit |  0/12 | 4:39:32 PM | CREATE_IN_PROGRESS   | AWS::IAM::Role          | ImagePublishingRole Resource creation Initiated
CDKToolkit |  0/12 | 4:39:32 PM | CREATE_FAILED        | AWS::S3::Bucket         | StagingBucket cdk-hnb659fds-assets-695897674742-us-east-1 already exists
CDKToolkit |  0/12 | 4:39:32 PM | CREATE_IN_PROGRESS   | AWS::IAM::Role          | FilePublishingRole Resource creation Initiated

2023-08-15T20:39:33.001Z     +0ms [debug] CDKToolkit |  0/12 | 4:39:32 PM | CREATE_IN_PROGRESS   | AWS::IAM::Role          | CloudFormationExecutionRole Resource creation Initiated

2023-08-15T20:39:33.001Z     +0ms [debug] CDKToolkit |  0/12 | 4:39:32 PM | CREATE_FAILED        | AWS::IAM::Role          | LookupRole Resource creation cancelled
CDKToolkit |  0/12 | 4:39:32 PM | CREATE_FAILED        | AWS::IAM::Role          | FilePublishingRole Resource creation cancelled
CDKToolkit |  0/12 | 4:39:32 PM | CREATE_FAILED        | AWS::ECR::Repository    | ContainerAssetsRepository Resource creation cancelled
CDKToolkit |  0/12 | 4:39:32 PM | CREATE_FAILED        | AWS::IAM::Role          | CloudFormationExecutionRole Resource creation cancelled
CDKToolkit |  0/12 | 4:39:32 PM | CREATE_FAILED        | AWS::IAM::Role          | ImagePublishingRole Resource creation cancelled

2023-08-15T20:39:38.314Z  +5313ms [debug] CDKToolkit |  0/12 | 4:39:33 PM | CREATE_FAILED        | AWS::SSM::Parameter     | CdkBootstrapVersion Resource creation cancelled

2023-08-15T20:39:38.314Z     +0ms [debug] CDKToolkit |  0/12 | 4:39:33 PM | ROLLBACK_IN_PROGRESS | AWS::CloudFormation::Stack | CDKToolkit The following resource(s) failed to create: [ImagePublishingRole, FilePublishingRole, CdkBootstrapVersion, LookupRole, StagingBucket, CloudFormationExecutionRole, ContainerAssetsRepository]. Rollback requested by user.
CDKToolkit |  0/12 | 4:39:35 PM | DELETE_IN_PROGRESS   | AWS::IAM::Role          | ImagePublishingRole 
CDKToolkit |  0/12 | 4:39:35 PM | DELETE_IN_PROGRESS   | AWS::IAM::Role          | CloudFormationExecutionRole 

2023-08-15T20:39:38.315Z     +1ms [debug] CDKToolkit |  0/12 | 4:39:35 PM | DELETE_IN_PROGRESS   | AWS::IAM::Role          | LookupRole 

2023-08-15T20:39:38.315Z     +0ms [debug] CDKToolkit |  0/12 | 4:39:35 PM | DELETE_IN_PROGRESS   | AWS::IAM::Role          | FilePublishingRole 
CDKToolkit |  0/12 | 4:39:36 PM | DELETE_IN_PROGRESS   | AWS::SSM::Parameter     | CdkBootstrapVersion 
CDKToolkit |  0/12 | 4:39:36 PM | DELETE_SKIPPED       | AWS::S3::Bucket         | StagingBucket 
CDKToolkit |  1/12 | 4:39:36 PM | DELETE_COMPLETE      | AWS::ECR::Repository    | ContainerAssetsRepository 

2023-08-15T20:39:38.315Z     +0ms [debug] CDKToolkit |  2/12 | 4:39:37 PM | DELETE_COMPLETE      | AWS::IAM::Role          | CloudFormationExecutionRole 
CDKToolkit |  3/12 | 4:39:37 PM | DELETE_COMPLETE      | AWS::IAM::Role          | FilePublishingRole 
CDKToolkit |  4/12 | 4:39:37 PM | DELETE_COMPLETE      | AWS::IAM::Role          | ImagePublishingRole 
CDKToolkit |  5/12 | 4:39:37 PM | DELETE_COMPLETE      | AWS::SSM::Parameter     | CdkBootstrapVersion 
CDKToolkit |  6/12 | 4:39:37 PM | DELETE_COMPLETE      | AWS::IAM::Role          | LookupRole 

2023-08-15T20:39:38.315Z     +0ms [debug] CDKToolkit |  7/12 | 4:39:38 PM | ROLLBACK_COMPLETE    | AWS::CloudFormation::Stack | CDKToolkit 

2023-08-15T20:39:38.694Z   +379ms [debug] 
Failed resources:

2023-08-15T20:39:38.695Z     +1ms [debug] CDKToolkit | 4:39:32 PM | CREATE_FAILED        | AWS::S3::Bucket         | StagingBucket cdk-hnb659fds-assets-695897674742-us-east-1 already exists

2023-08-15T20:39:38.695Z     +0ms [debug]  ❌  Environment aws://695897674742/us-east-1 failed bootstrapping: Error: The stack named CDKToolkit failed creation, it may need to be manually deleted from the AWS console: ROLLBACK_COMPLETE: cdk-hnb659fds-assets-695897674742-us-east-1 already exists
    at FullCloudFormationDeployment.monitorDeployment (/Users/ayaanzaveri/.npm/_npx/e72b144743208263/node_modules/aws-cdk/lib/index.js:426:10236)
    at process.processTicksAndRejections (node:internal/process/task_queues:95:5)
    at async /Users/ayaanzaveri/.npm/_npx/e72b144743208263/node_modules/aws-cdk/lib/index.js:431:2104
    at async Promise.all (index 0)
    at async CdkToolkit.bootstrap (/Users/ayaanzaveri/.npm/_npx/e72b144743208263/node_modules/aws-cdk/lib/index.js:431:1949)
    at async exec4 (/Users/ayaanzaveri/.npm/_npx/e72b144743208263/node_modules/aws-cdk/lib/index.js:504:52797)

2023-08-15T20:39:38.700Z     +5ms [debug] 

2023-08-15T20:39:38.700Z     +0ms [debug] The stack named CDKToolkit failed creation, it may need to be manually deleted from the AWS console: ROLLBACK_COMPLETE: cdk-hnb659fds-assets-695897674742-us-east-1 already exists

2023-08-15T20:39:38.738Z    +38ms [debug] CDK bootstrap exited with code 1
